生成启动时间为 2017/11/27 18:44:19。
     1>项目“E:\车型识别设备端软件\文档\车型识别(测丢帧)1124\AVIS\AVIS.vcxproj”在节点 3 上(build 个目标)。
     1>InitializeBuildStatus:
         正在创建“Debug\AVIS.unsuccessfulbuild”，因为已指定“AlwaysCreate”。
       ClCompile:
         所有输出均为最新。
         所有输出均为最新。
       ResourceCompile:
         所有输出均为最新。
       ManifestResourceCompile:
         所有输出均为最新。
       Link:
         E:\software\vs\vs2010\vs_install\VC\bin\link.exe /ERRORREPORT:PROMPT /OUT:"E:\车型识别设备端软件\文档\车型识别(测丢帧)1124\Avi\Debug\AVIS.exe" /INCREMENTAL /NOLOGO ..\Avi\Debug\Avi.lib opencv_ml249d.lib opencv_calib3d249d.lib opencv_contrib249d.lib opencv_core249d.lib opencv_features2d249d.lib opencv_flann249d.lib opencv_gpu249d.lib opencv_highgui249d.lib opencv_imgproc249d.lib opencv_legacy249d.lib opencv_objdetect249d.lib opencv_ts249d.lib opencv_video249d.lib opencv_nonfree249d.lib opencv_ocl249d.lib opencv_photo249d.lib opencv_stitching249d.lib opencv_superres249d.lib opencv_videostab249d.lib /MANIFEST /ManifestFile:"Debug\AVIS.exe.intermediate.manifest" /MANIFESTUAC:"level='asInvoker' uiAccess='false'" /DEBUG /PDB:"E:\车型识别设备端软件\文档\车型识别(测丢帧)1124\Avi\Debug\AVIS.pdb" /SUBSYSTEM:WINDOWS /TLBID:1 /DYNAMICBASE /NXCOMPAT /IMPLIB:"E:\车型识别设备端软件\文档\车型识别(测丢帧)1124\Avi\Debug\AVIS.lib" /MACHINE:X86 Debug\AVIS.res
         Debug\AVIS.exe.embed.manifest.res
         .\..\Avi\Debug\AlgoSet.obj
         .\..\Avi\Debug\AVIS.obj
         .\..\Avi\Debug\AVISDlg.obj
         .\..\Avi\Debug\CamSet.obj
         .\..\Avi\Debug\JGMan.obj
         .\..\Avi\Debug\StdAfx.obj
       Manifest:
         C:\Program Files (x86)\Microsoft SDKs\Windows\v7.0A\bin\mt.exe /nologo /verbose /out:"Debug\AVIS.exe.embed.manifest" /manifest Debug\AVIS.exe.intermediate.manifest E:\software\vs\vs2010\vs_install\VC\Include\Manifest\dpiaware.manifest
         所有输出均为最新。
       LinkEmbedManifest:
         所有输出均为最新。
         AVIS.vcxproj -> E:\车型识别设备端软件\文档\车型识别(测丢帧)1124\Avi\Debug\AVIS.exe
       BscMake:
         所有输出均为最新。
       FinalizeBuildStatus:
         正在删除文件“Debug\AVIS.unsuccessfulbuild”。
         正在对“Debug\AVIS.lastbuildstate”执行 Touch 任务。
     1>已完成生成项目“E:\车型识别设备端软件\文档\车型识别(测丢帧)1124\AVIS\AVIS.vcxproj”(build 个目标)的操作。

生成成功。

已用时间 00:00:00.37
