生成启动时间为 2017/11/27 18:44:18。
     1>项目“E:\车型识别设备端软件\文档\车型识别(测丢帧)1124\Avi\Avi.vcxproj”在节点 2 上(build 个目标)。
     1>InitializeBuildStatus:
         正在创建“.\Debug\Avi.unsuccessfulbuild”，因为已指定“AlwaysCreate”。
       ClCompile:
         所有输出均为最新。
         所有输出均为最新。
       ManifestResourceCompile:
         所有输出均为最新。
       Link:
         E:\software\vs\vs2010\vs_install\VC\bin\link.exe /ERRORREPORT:PROMPT /OUT:".\Debug\Avi.dll" /INCREMENTAL /NOLOGO opencv_ml249d.lib opencv_calib3d249d.lib opencv_contrib249d.lib opencv_core249d.lib opencv_features2d249d.lib opencv_flann249d.lib opencv_gpu249d.lib opencv_highgui249d.lib opencv_imgproc249d.lib opencv_legacy249d.lib opencv_objdetect249d.lib opencv_ts249d.lib opencv_video249d.lib opencv_nonfree249d.lib opencv_ocl249d.lib opencv_photo249d.lib opencv_stitching249d.lib opencv_superres249d.lib opencv_videostab249d.lib /NODEFAULTLIB:libcmtd.lib /DEF:".\Avi.def" /MANIFEST /ManifestFile:".\Debug\Avi.dll.intermediate.manifest" /MANIFESTUAC:"level='asInvoker' uiAccess='false'" /DEBUG /PDB:"E:\车型识别设备端软件\文档\车型识别(测丢帧)1124\Avi\Debug\Avi.pdb" /SUBSYSTEM:CONSOLE /TLBID:1 /DYNAMICBASE /NXCOMPAT /IMPLIB:".\Debug\Avi.lib" /MACHINE:X86 /DLL .\Debug\Avi.dll.embed.manifest.res
         .\Debug\StdAfx.obj
         .\Debug\Avi_Algo.obj
         .\Debug\Avi_AxleCheck.obj
         .\Debug\Avi_Classifier.obj
         .\Debug\Avi_FeatureCal.obj
         .\Debug\Avi_MainProc.obj
         .\Debug\Avi_MathProc.obj
         .\Debug\Avi_SpeCheck.obj
         .\Debug\Avi_Plot.obj
         .\Debug\Avi_Main.obj
         .\Debug\Avi_Queue.obj
         .\Debug\IniProc.obj
         .\Debug\JGProxy.obj
         .\Debug\LmdsProc.obj
         .\Debug\NetMgr.obj
         .\Debug\Camera.obj
         .\Debug\Avi_DB.obj
         .\Debug\Avi_SvWv.obj
            正在创建库 .\Debug\Avi.lib 和对象 .\Debug\Avi.exp
     1>LINK : warning LNK4098: 默认库“MSVCRT”与其他库的使用冲突；请使用 /NODEFAULTLIB:library
       Manifest:
         C:\Program Files (x86)\Microsoft SDKs\Windows\v7.0A\bin\mt.exe /nologo /verbose /out:".\Debug\Avi.dll.embed.manifest" /manifest .\Debug\Avi.dll.intermediate.manifest E:\software\vs\vs2010\vs_install\VC\Include\Manifest\dpiaware.manifest
         所有输出均为最新。
       LinkEmbedManifest:
         所有输出均为最新。
         Avi.vcxproj -> E:\车型识别设备端软件\文档\车型识别(测丢帧)1124\Avi\.\Debug\Avi.dll
       BscMake:
         所有输出均为最新。
       FinalizeBuildStatus:
         正在删除文件“.\Debug\Avi.unsuccessfulbuild”。
         正在对“.\Debug\Avi.lastbuildstate”执行 Touch 任务。
     1>已完成生成项目“E:\车型识别设备端软件\文档\车型识别(测丢帧)1124\Avi\Avi.vcxproj”(build 个目标)的操作。

生成成功。

已用时间 00:00:00.41
